<?xml version="1.0" encoding="UTF-8"?>
<testsuite xmlns:xsi="http://www.w3.org/2001/XMLSchema-instance" xsi:noNamespaceSchemaLocation="https://maven.apache.org/surefire/maven-surefire-plugin/xsd/surefire-test-report.xsd" name="com.smart.test.DometTest" time="7.299" tests="1" errors="0" skipped="0" failures="0">
  <properties>
    <property name="sun.desktop" value="windows"/>
    <property name="awt.toolkit" value="sun.awt.windows.WToolkit"/>
    <property name="file.encoding.pkg" value="sun.io"/>
    <property name="java.specification.version" value="1.8"/>
    <property name="sun.cpu.isalist" value="amd64"/>
    <property name="sun.jnu.encoding" value="GBK"/>
    <property name="java.class.path" value="H:\ssm-test\javassm\javaservice\target\test-classes;H:\ssm-test\javassm\javaservice\target\classes;H:\maven-repo\com\xzy\ssm\javadao\1.0-SNAPSHOT\javadao-1.0-SNAPSHOT.jar;H:\maven-repo\junit\junit\4.12\junit-4.12.jar;H:\maven-repo\org\hamcrest\hamcrest-core\1.3\hamcrest-core-1.3.jar;H:\maven-repo\org\springframework\spring-core\4.3.7.RELEASE\spring-core-4.3.7.RELEASE.jar;H:\maven-repo\commons-logging\commons-logging\1.2\commons-logging-1.2.jar;H:\maven-repo\org\springframework\spring-webmvc\4.3.7.RELEASE\spring-webmvc-4.3.7.RELEASE.jar;H:\maven-repo\org\springframework\spring-expression\4.3.7.RELEASE\spring-expression-4.3.7.RELEASE.jar;H:\maven-repo\org\springframework\spring-web\4.3.7.RELEASE\spring-web-4.3.7.RELEASE.jar;H:\maven-repo\org\springframework\spring-beans\4.3.7.RELEASE\spring-beans-4.3.7.RELEASE.jar;H:\maven-repo\org\springframework\spring-context\4.3.7.RELEASE\spring-context-4.3.7.RELEASE.jar;H:\maven-repo\org\springframework\spring-aop\4.3.7.RELEASE\spring-aop-4.3.7.RELEASE.jar;H:\maven-repo\org\springframework\spring-tx\4.3.7.RELEASE\spring-tx-4.3.7.RELEASE.jar;H:\maven-repo\org\springframework\spring-orm\4.3.7.RELEASE\spring-orm-4.3.7.RELEASE.jar;H:\maven-repo\org\springframework\spring-jdbc\4.3.7.RELEASE\spring-jdbc-4.3.7.RELEASE.jar;H:\maven-repo\org\springframework\spring-test\4.3.7.RELEASE\spring-test-4.3.7.RELEASE.jar;H:\maven-repo\org\aspectj\aspectjweaver\1.6.12\aspectjweaver-1.6.12.jar;H:\maven-repo\org\aspectj\aspectjrt\1.6.12\aspectjrt-1.6.12.jar;H:\maven-repo\org\mybatis\mybatis\3.4.6\mybatis-3.4.6.jar;H:\maven-repo\org\mybatis\mybatis-spring\1.3.2\mybatis-spring-1.3.2.jar;H:\maven-repo\mysql\mysql-connector-java\5.1.30\mysql-connector-java-5.1.30.jar;H:\maven-repo\com\alibaba\druid\1.1.10\druid-1.1.10.jar;H:\maven-repo\javax\servlet\jstl\1.2\jstl-1.2.jar;H:\maven-repo\javax\servlet\javax.servlet-api\3.1.0\javax.servlet-api-3.1.0.jar;"/>
    <property name="java.vm.vendor" value="Oracle Corporation"/>
    <property name="sun.arch.data.model" value="64"/>
    <property name="user.variant" value=""/>
    <property name="java.vendor.url" value="http://java.oracle.com/"/>
    <property name="user.timezone" value="Asia/Shanghai"/>
    <property name="java.vm.specification.version" value="1.8"/>
    <property name="os.name" value="Windows 10"/>
    <property name="user.country" value="CN"/>
    <property name="sun.java.launcher" value="SUN_STANDARD"/>
    <property name="sun.boot.library.path" value="C:\Program Files\Java\jdk1.8.0_162\jre\bin"/>
    <property name="sun.java.command" value="C:\Users\abi\AppData\Local\Temp\surefire296639787646178508\surefirebooter8339782400897061511.jar C:\Users\abi\AppData\Local\Temp\surefire296639787646178508 2019-01-27T11-28-11_659-jvmRun1 surefire2173643499669765585tmp surefire_02799725146010044245tmp"/>
    <property name="surefire.test.class.path" value="H:\ssm-test\javassm\javaservice\target\test-classes;H:\ssm-test\javassm\javaservice\target\classes;H:\maven-repo\com\xzy\ssm\javadao\1.0-SNAPSHOT\javadao-1.0-SNAPSHOT.jar;H:\maven-repo\junit\junit\4.12\junit-4.12.jar;H:\maven-repo\org\hamcrest\hamcrest-core\1.3\hamcrest-core-1.3.jar;H:\maven-repo\org\springframework\spring-core\4.3.7.RELEASE\spring-core-4.3.7.RELEASE.jar;H:\maven-repo\commons-logging\commons-logging\1.2\commons-logging-1.2.jar;H:\maven-repo\org\springframework\spring-webmvc\4.3.7.RELEASE\spring-webmvc-4.3.7.RELEASE.jar;H:\maven-repo\org\springframework\spring-expression\4.3.7.RELEASE\spring-expression-4.3.7.RELEASE.jar;H:\maven-repo\org\springframework\spring-web\4.3.7.RELEASE\spring-web-4.3.7.RELEASE.jar;H:\maven-repo\org\springframework\spring-beans\4.3.7.RELEASE\spring-beans-4.3.7.RELEASE.jar;H:\maven-repo\org\springframework\spring-context\4.3.7.RELEASE\spring-context-4.3.7.RELEASE.jar;H:\maven-repo\org\springframework\spring-aop\4.3.7.RELEASE\spring-aop-4.3.7.RELEASE.jar;H:\maven-repo\org\springframework\spring-tx\4.3.7.RELEASE\spring-tx-4.3.7.RELEASE.jar;H:\maven-repo\org\springframework\spring-orm\4.3.7.RELEASE\spring-orm-4.3.7.RELEASE.jar;H:\maven-repo\org\springframework\spring-jdbc\4.3.7.RELEASE\spring-jdbc-4.3.7.RELEASE.jar;H:\maven-repo\org\springframework\spring-test\4.3.7.RELEASE\spring-test-4.3.7.RELEASE.jar;H:\maven-repo\org\aspectj\aspectjweaver\1.6.12\aspectjweaver-1.6.12.jar;H:\maven-repo\org\aspectj\aspectjrt\1.6.12\aspectjrt-1.6.12.jar;H:\maven-repo\org\mybatis\mybatis\3.4.6\mybatis-3.4.6.jar;H:\maven-repo\org\mybatis\mybatis-spring\1.3.2\mybatis-spring-1.3.2.jar;H:\maven-repo\mysql\mysql-connector-java\5.1.30\mysql-connector-java-5.1.30.jar;H:\maven-repo\com\alibaba\druid\1.1.10\druid-1.1.10.jar;H:\maven-repo\javax\servlet\jstl\1.2\jstl-1.2.jar;H:\maven-repo\javax\servlet\javax.servlet-api\3.1.0\javax.servlet-api-3.1.0.jar;"/>
    <property name="sun.cpu.endian" value="little"/>
    <property name="user.home" value="C:\Users\abi"/>
    <property name="user.language" value="zh"/>
    <property name="java.specification.vendor" value="Oracle Corporation"/>
    <property name="java.home" value="C:\Program Files\Java\jdk1.8.0_162\jre"/>
    <property name="basedir" value="H:\ssm-test\javassm\javaservice"/>
    <property name="file.separator" value="\"/>
    <property name="line.separator" value="&#10;"/>
    <property name="java.vm.specification.vendor" value="Oracle Corporation"/>
    <property name="java.specification.name" value="Java Platform API Specification"/>
    <property name="java.awt.graphicsenv" value="sun.awt.Win32GraphicsEnvironment"/>
    <property name="surefire.real.class.path" value="C:\Users\abi\AppData\Local\Temp\surefire296639787646178508\surefirebooter8339782400897061511.jar"/>
    <property name="sun.boot.class.path" value="C:\Program Files\Java\jdk1.8.0_162\jre\lib\resources.jar;C:\Program Files\Java\jdk1.8.0_162\jre\lib\rt.jar;C:\Program Files\Java\jdk1.8.0_162\jre\lib\sunrsasign.jar;C:\Program Files\Java\jdk1.8.0_162\jre\lib\jsse.jar;C:\Program Files\Java\jdk1.8.0_162\jre\lib\jce.jar;C:\Program Files\Java\jdk1.8.0_162\jre\lib\charsets.jar;C:\Program Files\Java\jdk1.8.0_162\jre\lib\jfr.jar;C:\Program Files\Java\jdk1.8.0_162\jre\classes"/>
    <property name="user.script" value=""/>
    <property name="sun.management.compiler" value="HotSpot 64-Bit Tiered Compilers"/>
    <property name="java.runtime.version" value="1.8.0_162-b12"/>
    <property name="user.name" value="abi"/>
    <property name="path.separator" value=";"/>
    <property name="os.version" value="10.0"/>
    <property name="java.endorsed.dirs" value="C:\Program Files\Java\jdk1.8.0_162\jre\lib\endorsed"/>
    <property name="java.runtime.name" value="Java(TM) SE Runtime Environment"/>
    <property name="file.encoding" value="GBK"/>
    <property name="java.vm.name" value="Java HotSpot(TM) 64-Bit Server VM"/>
    <property name="localRepository" value="H:\maven-repo"/>
    <property name="java.vendor.url.bug" value="http://bugreport.sun.com/bugreport/"/>
    <property name="java.io.tmpdir" value="C:\Users\abi\AppData\Local\Temp\"/>
    <property name="idea.version" value="2018.1"/>
    <property name="java.version" value="1.8.0_162"/>
    <property name="user.dir" value="H:\ssm-test\javassm\javaservice"/>
    <property name="os.arch" value="amd64"/>
    <property name="java.vm.specification.name" value="Java Virtual Machine Specification"/>
    <property name="java.awt.printerjob" value="sun.awt.windows.WPrinterJob"/>
    <property name="sun.os.patch.level" value=""/>
    <property name="java.library.path" value="C:\Program Files\Java\jdk1.8.0_162\jre\bin;C:\WINDOWS\Sun\Java\bin;C:\WINDOWS\system32;C:\WINDOWS;C:\WINDOWS\system32;C:\WINDOWS;C:\WINDOWS\System32\Wbem;C:\WINDOWS\System32\WindowsPowerShell\v1.0\;C:\Program Files\Java\jdk1.8.0_162\bin;C:\Program Files\Java\jdk1.8.0_162\jre\bin;F:\adt-bundle-windows-x86_64-20140702\sdk\tools;F:\adt-bundle-windows-x86_64-20140702\sdk\platform-tools;F:\MinGw\mingw64\bin;C:\Program Files\MySQL\MySQL Utilities 1.6\;C:\Program Files\Microsoft\Web Platform Installer\;C:\WINDOWS\System32\OpenSSH\;F:\apache-maven-3.5.0\bin;F:\mysql-5.7.16\bin;%CATALINA_HOME%\bin;F:\matlab\runtime\win64;F:\matlab\bin;F:\matlab\polyspace\bin;F:\doxygen\bin;F:\vs2010\VC\bin\amd64;C:\Windows\Microsoft.NET\Framework64\v3.5;C:\Windows\Microsoft.NET\Framework64\v2.0.50727;F:\vs2010\VC\vcpackages;F:\vs2010\Common7\IDE;F:\vs2010\Common7\Tools;C:\Program Files (x86)\Microsoft SDKs\Windows\v7.0A\Bin\x64;C:\Program Files (x86)\Microsoft SDKs\Windows\v7.0A\Bin;F:\Graphviz\bin;H:\nexus\nexus-2.14.11-01\bin;F:\Git\cmd;C:\Users\abi\AppData\Local\Microsoft\WindowsApps;F:\Cmake\bin;."/>
    <property name="java.vm.info" value="mixed mode"/>
    <property name="java.vendor" value="Oracle Corporation"/>
    <property name="java.vm.version" value="25.162-b12"/>
    <property name="java.ext.dirs" value="C:\Program Files\Java\jdk1.8.0_162\jre\lib\ext;C:\WINDOWS\Sun\Java\lib\ext"/>
    <property name="sun.io.unicode.encoding" value="UnicodeLittle"/>
    <property name="maven.repo.local" value="H:\maven-repo"/>
    <property name="java.class.version" value="52.0"/>
  </properties>
  <testcase name="SelectAllTest" classname="com.smart.test.DometTest" time="0.63"/>
</testsuite>